2018/11/26 15:36:45 : [xxx] 加载模型管理器------------------

2018/11/26 15:55:04 : [xxx] 加载模型管理器------------------

11/27/2018 2:18:53 PM : [xxx] R 解压状态置位

11/27/2018 2:18:54 PM : [xxx] back SceneSwitch

11/27/2018 2:18:54 PM : [xxx] Object reference not set to an instance of an object

11/27/2018 2:18:54 PM : [xxx]   at XT_AllButton.ExitProgram (System.Action callback) [0x00020] in D:\Unity\UnityProject\unity563\Unity2.1\vesal2.5\Assets\Scripts\MainScene\Interaction\XT_AllButton.cs:661 

11/27/2018 2:18:54 PM : [xxx] -------------------------------进入场景分发器---------------------------------------

11/28/2018 4:04:38 PM : [xxx] -------------------------------进入场景分发器---------------------------------------

11/28/2018 4:04:40 PM : [xxx] http://filetest1.vesal.site/upload/unity3D/android/DA0100050.timeline

11/28/2018 4:04:40 PM : [xxx] type animation version  1 id DA0100050

11/28/2018 4:04:40 PM : [xxx] 本地路径检测下载------------------http://filetest1.vesal.site/upload/unity3D/android/DA0100050.timeline

11/28/2018 4:04:40 PM : [xxx] 离线模式

11/28/2018 4:04:40 PM : [xxx] 资源路径：DA0100050.timeline

11/28/2018 4:04:40 PM : [xxx] short_name  DA0100050

11/29/2018 5:48:31 PM : [xxx] 加载模型管理器------------------

11/29/2018 5:48:49 PM : [xxx] 加载模型管理器------------------

11/29/2018 6:02:22 PM : [xxx] 加载模型管理器------------------

11/29/2018 6:02:38 PM : [xxx] 加载模型管理器------------------

11/29/2018 6:08:25 PM : [xxx] 加载模型管理器------------------

12/19/2018 11:17:28 AM : [xxx] 加载模型管理器------------------

12/19/2018 11:18:05 AM : [xxx] 加载模型管理器------------------

12/28/2018 4:25:22 PM : [xxx] 加载模型管理器------------------

12/28/2018 6:48:40 PM : [xxx] 加载模型管理器------------------

12/28/2018 7:07:57 PM : [xxx] 加载模型管理器------------------

12/28/2018 7:08:10 PM : [xxx] 加载模型管理器------------------

1/8/2019 3:18:42 PM : [xxx] 加载模型管理器------------------

1/8/2019 3:19:26 PM : [xxx] 加载模型管理器------------------

1/9/2019 3:05:01 PM : [xxx] 加载模型管理器------------------

1/10/2019 4:33:17 PM : [xxx] 加载模型管理器------------------

1/13/2019 2:35:24 PM : [xxx] R 解压状态置位

1/13/2019 2:35:24 PM : [xxx] back SceneSwitch

1/13/2019 2:35:24 PM : [xxx] Object reference not set to an instance of an object

1/13/2019 2:35:24 PM : [xxx]   at XT_AllButton.ExitProgram (System.Action callback) [0x00011] in D:\UnityWorkSpace\vesal3.0\VesalUnity2017\Assets\Scripts\MainScene\Interaction\XT_AllButton.cs:763 

1/13/2019 2:35:24 PM : [xxx] -------------------------------进入场景分发器---------------------------------------

1/13/2019 2:35:26 PM : [xxx] http://filetest1.vesal.site/upload/weike/pc/v250/gudefenleiv2/

1/13/2019 2:35:26 PM : [xxx] type microlesson version  1 id HMFWK001

1/13/2019 2:35:26 PM : [xxx] 本地路径检测下载------------------http://filetest1.vesal.site/upload/weike/pc/v250/gudefenleiv2/

1/13/2019 2:35:26 PM : [xxx] --download completed  

1/13/2019 2:35:26 PM : [xxx]  资源完备加载 加载场景 microlesson

1/13/2019 2:35:26 PM : [xxx] R 解压状态置位

1/13/2019 2:35:27 PM : [xxx] back SceneSwitch

1/13/2019 2:35:27 PM : [xxx] Object reference not set to an instance of an object

1/13/2019 2:35:27 PM : [xxx]   at XT_AllButton.ExitProgram (System.Action callback) [0x00011] in D:\UnityWorkSpace\vesal3.0\VesalUnity2017\Assets\Scripts\MainScene\Interaction\XT_AllButton.cs:763 

1/13/2019 2:35:27 PM : [xxx] -------------------------------进入场景分发器---------------------------------------

1/13/2019 2:35:27 PM : [xxx] http://fileprod.vesal.site/upload/unity3D/android/zip/medical/v240/v2/RA0801004.zip

1/13/2019 2:35:27 PM : [xxx] type medical version  3 id RA0801004

1/13/2019 2:35:27 PM : [xxx] 本地路径检测下载------------------http://fileprod.vesal.site/upload/unity3D/android/zip/medical/v240/v2/RA0801004.zip

1/13/2019 2:35:27 PM : [xxx] --download completed  

1/13/2019 2:35:27 PM : [xxx]  资源完备加载 加载场景 medical

1/13/2019 2:35:27 PM : [xxx] 开始异步加载场景...

1/13/2019 2:35:30 PM : [xxx] 加载模型管理器------------------

1/16/2019 8:15:51 PM : [xxx] -------------------------------进入场景分发器---------------------------------------

1/16/2019 8:15:53 PM : [xxx] 

1/16/2019 8:15:53 PM : [xxx] type model version  1 id SA1000000

1/16/2019 8:15:53 PM : [xxx] 本地路径检测下载------------------

1/16/2019 8:15:53 PM : [xxx] 无私有资源：

1/16/2019 8:15:53 PM : [xxx] --download completed  

1/16/2019 8:15:53 PM : [xxx]  资源完备加载 加载场景 model

1/16/2019 8:15:53 PM : [xxx] 开始异步加载场景...

1/16/2019 8:15:54 PM : [xxx] 加载模型管理器------------------

3/5/2019 10:46:25 AM : [xxx] 打开书签

3/5/2019 10:46:50 AM : [xxx] 打开书签

3/5/2019 10:46:54 AM : [xxx] 打开书签

3/5/2019 10:47:59 AM : [xxx] 打开书签

3/11/2019 3:49:06 PM : [xxx] 加载模型管理器------------------

3/13/2019 4:44:11 PM : [xxx] 加载模型管理器------------------

3/13/2019 4:56:58 PM : [xxx] 加载模型管理器------------------

3/15/2019 10:11:03 AM : [xxx] 加载模型管理器------------------

3/15/2019 10:11:09 AM : [xxx] 加载模型管理器------------------

4/8/2019 10:07:00 AM : [xxx] 加载模型管理器------------------

4/8/2019 10:07:13 AM : [xxx] 加载模型管理器------------------

4/8/2019 10:07:36 AM : [xxx] 加载模型管理器------------------

4/11/2019 8:42:36 AM : [xxx] 加载模型管理器------------------

4/11/2019 10:21:49 AM : [xxx] 加载模型管理器------------------

4/12/2019 10:41:38 AM : [xxx] 加载模型管理器------------------

4/12/2019 5:24:10 PM : [xxx] 获取远程数据计时-------

4/12/2019 5:24:10 PM : [xxx] unity  --------------------离线启动

4/12/2019 5:24:10 PM : [xxx] 获取远程数据计时-------时长记录完成 ，耗时： 0s

4/12/2019 5:24:10 PM : [xxx] 数据加载完成==============================================

4/12/2019 5:24:10 PM : [xxx] download.dat0

4/12/2019 5:24:10 PM : [xxx] 获取远程数据计时-------时长记录完成 ，耗时： 3.87239122390747s

4/12/2019 5:24:10 PM : [xxx] 数据加载完成==============================================

4/12/2019 5:24:10 PM : [xxx] download.dat0

4/12/2019 5:24:10 PM : [xxx] 获取远程数据计时-------时长记录完成 ，耗时： 0.0165748596191406s

4/12/2019 5:24:10 PM : [xxx] 数据加载完成==============================================

4/12/2019 5:24:10 PM : [xxx] download.dat0

4/12/2019 5:24:10 PM : [xxx] 获取远程数据计时-------时长记录完成 ，耗时： 3.88934230804443s

4/12/2019 5:24:10 PM : [xxx] 数据加载完成==============================================

4/12/2019 5:24:10 PM : [xxx] download.dat0

4/12/2019 5:24:10 PM : [xxx] 获取远程数据计时-------时长记录完成 ，耗时： 0.032752513885498s

4/12/2019 5:24:10 PM : [xxx] 数据加载完成==============================================

4/12/2019 5:24:10 PM : [xxx] download.dat0

4/12/2019 5:24:10 PM : [xxx] 获取远程数据计时-------时长记录完成 ，耗时： 3.90608167648315s

4/12/2019 5:24:10 PM : [xxx] 数据加载完成==============================================

4/12/2019 5:24:10 PM : [xxx] download.dat0

4/12/2019 5:24:10 PM : [xxx] 获取远程数据计时-------时长记录完成 ，耗时： 0.0491461753845215s

4/12/2019 5:24:10 PM : [xxx] 数据加载完成==============================================

4/12/2019 5:24:10 PM : [xxx] download.dat0

4/12/2019 5:24:10 PM : [xxx] 获取远程数据计时-------时长记录完成 ，耗时： 3.92358803749084s

4/12/2019 5:24:10 PM : [xxx] 数据加载完成==============================================

4/12/2019 5:24:10 PM : [xxx] download.dat0

4/12/2019 5:24:10 PM : [xxx] 获取远程数据计时-------时长记录完成 ，耗时： 0.0647728443145752s

4/12/2019 5:24:10 PM : [xxx] 数据加载完成==============================================

4/12/2019 5:24:10 PM : [xxx] download.dat0

4/12/2019 5:24:10 PM : [xxx] 获取远程数据计时-------时长记录完成 ，耗时： 3.94069170951843s

4/12/2019 5:24:10 PM : [xxx] 数据加载完成==============================================

4/12/2019 5:24:10 PM : [xxx] download.dat0

4/12/2019 5:24:10 PM : [xxx] 获取远程数据计时-------时长记录完成 ，耗时： 0.0808022022247314s

4/12/2019 5:24:10 PM : [xxx] 数据加载完成==============================================

4/12/2019 5:24:10 PM : [xxx] download.dat0

4/12/2019 5:24:10 PM : [xxx] 获取远程数据计时-------时长记录完成 ，耗时： 3.95757365226746s

4/12/2019 5:24:10 PM : [xxx] 数据加载完成==============================================

4/12/2019 5:24:10 PM : [xxx] download.dat0

4/12/2019 5:24:10 PM : [xxx] 获取远程数据计时-------时长记录完成 ，耗时： 0.0970537662506104s

4/12/2019 5:24:10 PM : [xxx] 数据加载完成==============================================

4/12/2019 5:24:10 PM : [xxx] download.dat0

4/12/2019 5:24:10 PM : [xxx] 获取远程数据计时-------时长记录完成 ，耗时： 3.97423768043518s

4/12/2019 5:24:10 PM : [xxx] 数据加载完成==============================================

4/12/2019 5:24:10 PM : [xxx] download.dat0

4/12/2019 5:24:10 PM : [xxx] 获取远程数据计时-------时长记录完成 ，耗时： 0.113523721694946s

4/12/2019 5:24:10 PM : [xxx] 数据加载完成==============================================

4/12/2019 5:24:10 PM : [xxx] download.dat0

4/12/2019 5:24:10 PM : [xxx] 获取远程数据计时-------时长记录完成 ，耗时： 3.99120402336121s

4/12/2019 5:24:10 PM : [xxx] 数据加载完成==============================================

4/12/2019 5:24:10 PM : [xxx] download.dat0

4/12/2019 5:24:10 PM : [xxx] 获取远程数据计时-------时长记录完成 ，耗时： 0.129690885543823s

4/12/2019 5:24:10 PM : [xxx] 数据加载完成==============================================

4/12/2019 5:24:10 PM : [xxx] download.dat0

4/12/2019 5:24:10 PM : [xxx] 获取远程数据计时-------时长记录完成 ，耗时： 4.00792670249939s

4/12/2019 5:24:10 PM : [xxx] 数据加载完成==============================================

4/12/2019 5:24:10 PM : [xxx] download.dat0

4/12/2019 5:24:10 PM : [xxx] 获取远程数据计时-------时长记录完成 ，耗时： 0.146708250045776s

4/12/2019 5:24:10 PM : [xxx] 数据加载完成==============================================

4/12/2019 5:24:10 PM : [xxx] download.dat0

4/12/2019 5:24:10 PM : [xxx] 获取远程数据计时-------时长记录完成 ，耗时： 4.02388644218445s

4/12/2019 5:24:10 PM : [xxx] 数据加载完成==============================================

4/12/2019 5:24:10 PM : [xxx] download.dat0

4/12/2019 5:24:10 PM : [xxx] 获取远程数据计时-------时长记录完成 ，耗时： 0.163597345352173s

4/12/2019 5:24:10 PM : [xxx] 数据加载完成==============================================

4/12/2019 5:24:10 PM : [xxx] download.dat0

4/12/2019 5:24:10 PM : [xxx] 获取远程数据计时-------时长记录完成 ，耗时： 4.04023766517639s

4/12/2019 5:24:10 PM : [xxx] 数据加载完成==============================================

4/12/2019 5:24:10 PM : [xxx] download.dat0

4/12/2019 5:24:10 PM : [xxx] 获取远程数据计时-------时长记录完成 ，耗时： 0.18005633354187s

4/12/2019 5:24:10 PM : [xxx] 数据加载完成==============================================

4/12/2019 5:24:10 PM : [xxx] download.dat0

4/12/2019 5:24:10 PM : [xxx] 获取远程数据计时-------时长记录完成 ，耗时： 4.05680441856384s

4/12/2019 5:24:10 PM : [xxx] 数据加载完成==============================================

4/12/2019 5:24:10 PM : [xxx] download.dat0

4/12/2019 5:24:10 PM : [xxx] 获取远程数据计时-------时长记录完成 ，耗时： 0.196892976760864s

4/12/2019 5:24:10 PM : [xxx] 数据加载完成==============================================

4/12/2019 5:24:10 PM : [xxx] download.dat0

4/12/2019 5:24:10 PM : [xxx] 获取远程数据计时-------时长记录完成 ，耗时： 4.07310080528259s

4/12/2019 5:24:10 PM : [xxx] 数据加载完成==============================================

4/12/2019 5:24:10 PM : [xxx] download.dat0

4/12/2019 5:24:10 PM : [xxx] 获取远程数据计时-------时长记录完成 ，耗时： 0.213500738143921s

4/12/2019 5:24:10 PM : [xxx] 数据加载完成==============================================

4/12/2019 5:24:10 PM : [xxx] download.dat0

4/12/2019 5:24:10 PM : [xxx] 获取远程数据计时-------时长记录完成 ，耗时： 4.08964467048645s

4/12/2019 5:24:10 PM : [xxx] 数据加载完成==============================================

4/12/2019 5:24:10 PM : [xxx] download.dat0

4/12/2019 5:24:10 PM : [xxx] 获取远程数据计时-------时长记录完成 ，耗时： 0.230050802230835s

4/12/2019 5:24:10 PM : [xxx] 数据加载完成==============================================

4/12/2019 5:24:10 PM : [xxx] download.dat0

4/12/2019 5:24:10 PM : [xxx] 获取远程数据计时-------时长记录完成 ，耗时： 4.10695576667786s

4/12/2019 5:24:10 PM : [xxx] 数据加载完成==============================================

4/12/2019 5:24:10 PM : [xxx] download.dat0

4/12/2019 5:24:10 PM : [xxx] 获取远程数据计时-------时长记录完成 ，耗时： 0.245982885360718s

4/12/2019 5:24:10 PM : [xxx] 数据加载完成==============================================

4/12/2019 5:24:10 PM : [xxx] download.dat0

4/12/2019 5:24:10 PM : [xxx] 获取远程数据计时-------时长记录完成 ，耗时： 4.1239058971405s

4/12/2019 5:24:10 PM : [xxx] 数据加载完成==============================================

4/12/2019 5:24:10 PM : [xxx] download.dat0

4/12/2019 5:24:10 PM : [xxx] 获取远程数据计时-------时长记录完成 ，耗时： 0.262054204940796s

4/12/2019 5:24:10 PM : [xxx] 数据加载完成==============================================

4/12/2019 5:24:10 PM : [xxx] download.dat0

4/12/2019 5:24:10 PM : [xxx] 获取远程数据计时-------时长记录完成 ，耗时： 4.14074921607971s

4/12/2019 5:24:10 PM : [xxx] 数据加载完成==============================================

4/12/2019 5:24:10 PM : [xxx] download.dat0

2019/4/18 17:20:18 : [xxx] OnStartNavigation

2019/4/18 17:20:20 : [xxx] OnNavigationCompleted

2019/4/18 17:20:24 : [xxx] OnClose

2019/4/18 17:25:02 : [xxx] OnStartNavigation

2019/4/18 17:25:02 : [xxx] OnNavigationCompleted

2019/4/18 17:26:58 : [xxx] OnStartNavigation

2019/4/18 17:26:58 : [xxx] OnNavigationCompleted

2019/4/18 17:27:09 : [xxx] OnClose

2019/4/18 17:28:14 : [xxx] OnStartNavigation

2019/4/18 17:28:14 : [xxx] OnStartNavigation

2019/4/18 17:28:14 : [xxx] OnNavigationCompleted

2019/4/18 17:28:14 : [xxx] OnNavigationCompleted

2019/4/18 17:28:19 : [xxx] OnClose

2019/4/18 17:29:37 : [xxx] OnStartNavigation

2019/4/18 17:29:37 : [xxx] OnNavigationCompleted

2019/4/18 17:30:16 : [xxx] OnClose

2019/4/18 17:30:32 : [xxx] OnStartNavigation

2019/4/18 17:30:32 : [xxx] OnStartNavigation

2019/4/18 17:30:32 : [xxx] OnNavigationCompleted

2019/4/18 17:30:32 : [xxx] OnNavigationCompleted

2019/4/18 17:30:42 : [xxx] OnClose

2019/4/18 17:30:42 : [xxx] OnClose

2019/4/18 17:31:18 : [xxx] OnStartNavigation

2019/4/18 17:31:18 : [xxx] OnStartNavigation

2019/4/18 17:31:18 : [xxx] OnStartNavigation

2019/4/18 17:31:18 : [xxx] OnNavigationCompleted

2019/4/18 17:31:18 : [xxx] OnNavigationCompleted

2019/4/18 17:31:18 : [xxx] OnNavigationCompleted

2019/4/18 17:31:38 : [xxx] OnClose

2019/4/18 17:31:38 : [xxx] OnClose

2019/4/18 17:31:38 : [xxx] OnClose

2019/4/18 17:32:37 : [xxx] OnStartNavigation

2019/4/18 17:32:37 : [xxx] OnStartNavigation

2019/4/18 17:32:37 : [xxx] OnStartNavigation

2019/4/18 17:32:37 : [xxx] OnStartNavigation

2019/4/18 17:32:37 : [xxx] OnNavigationCompleted

2019/4/18 17:32:37 : [xxx] OnNavigationCompleted

2019/4/18 17:32:37 : [xxx] OnNavigationCompleted

2019/4/18 17:32:37 : [xxx] OnNavigationCompleted

2019/4/18 17:32:45 : [xxx] OnClose

2019/4/18 17:32:45 : [xxx] OnClose

2019/4/18 17:32:45 : [xxx] OnClose

2019/4/18 17:32:45 : [xxx] OnClose

2019/4/18 17:33:20 : [xxx] OnStartNavigation

2019/4/18 17:33:20 : [xxx] OnStartNavigation

2019/4/18 17:33:20 : [xxx] OnStartNavigation

2019/4/18 17:33:20 : [xxx] OnStartNavigation

2019/4/18 17:33:20 : [xxx] OnStartNavigation

2019/4/18 17:33:20 : [xxx] OnNavigationCompleted

2019/4/18 17:33:20 : [xxx] OnNavigationCompleted

2019/4/18 17:33:20 : [xxx] OnNavigationCompleted

2019/4/18 17:33:20 : [xxx] OnNavigationCompleted

2019/4/18 17:33:20 : [xxx] OnNavigationCompleted

2019/4/18 17:33:25 : [xxx] OnClose

2019/4/18 17:33:25 : [xxx] OnClose

2019/4/18 17:33:25 : [xxx] OnClose

2019/4/18 17:33:25 : [xxx] OnClose

2019/4/18 17:33:25 : [xxx] OnClose

2019/4/18 17:35:02 : [xxx] OnStartNavigation

2019/4/18 17:35:02 : [xxx] OnNavigationCompleted

2019/4/18 17:35:06 : [xxx] OnClose

2019/4/18 17:36:26 : [xxx] OnStartNavigation

2019/4/18 17:36:26 : [xxx] OnNavigationCompleted

2019/4/18 17:36:30 : [xxx] OnClose

2019/4/18 17:39:49 : [xxx] OnStartNavigation

2019/4/18 17:39:49 : [xxx] OnStartNavigation

2019/4/18 17:39:49 : [xxx] OnNavigationCompleted

2019/4/18 17:39:49 : [xxx] OnNavigationCompleted

2019/4/18 17:40:00 : [xxx] OnClose

2019/4/18 17:40:00 : [xxx] OnClose

2019/4/18 17:44:56 : [xxx] OnStartNavigation

2019/4/18 17:44:56 : [xxx] OnNavigationCompleted

2019/4/18 17:45:01 : [xxx] OnClose

2019/4/18 17:57:09 : [xxx] OnStartNavigation

2019/4/18 17:57:09 : [xxx] OnNavigationCompleted

2019/4/18 17:57:17 : [xxx] OnClose

2019/4/18 17:59:53 : [xxx] OnStartNavigation

2019/4/18 17:59:53 : [xxx] OnNavigationCompleted

2019/4/18 18:00:10 : [xxx] OnClose

2019/4/18 18:12:01 : [xxx] OnStartNavigation

2019/4/18 18:12:01 : [xxx] OnStartNavigation

2019/4/18 18:12:01 : [xxx] OnNavigationCompleted

2019/4/18 18:12:01 : [xxx] OnNavigationCompleted

2019/4/18 18:12:06 : [xxx] OnClose

2019/4/18 18:12:06 : [xxx] OnClose

2019/4/18 18:14:44 : [xxx] OnStartNavigation

2019/4/18 18:14:44 : [xxx] OnNavigationCompleted

2019/4/18 18:14:48 : [xxx] OnClose

2019/4/18 18:19:24 : [xxx] OnStartNavigation

2019/4/18 18:19:24 : [xxx] OnNavigationCompleted

2019/4/18 18:29:47 : [xxx] OnStartNavigation

2019/4/18 18:29:49 : [xxx] OnNavigationCompleted

2019/4/18 18:29:50 : [xxx] OnClose

2019/4/18 18:30:53 : [xxx] OnStartNavigation

2019/4/18 18:30:53 : [xxx] OnStartNavigation

2019/4/18 18:30:55 : [xxx] OnNavigationCompleted

2019/4/18 18:30:55 : [xxx] OnNavigationCompleted

2019/4/18 18:41:24 : [xxx] OnClose

2019/4/18 18:41:24 : [xxx] OnClose

2019/4/18 18:43:29 : [xxx] OnStartNavigation

2019/4/18 18:43:29 : [xxx] OnNavigationCompleted

2019/4/18 18:43:44 : [xxx] OnClose

2019/4/18 18:43:46 : [xxx] ResizeWeb();

2019/4/18 18:43:47 : [xxx] get web json :{"name":"resize","data":{"marginLeft":"200","marginTop":"900","marginRight":"200","marginBottom":"0"}}

2019/4/18 18:43:55 : [xxx] OnStartNavigation

2019/4/18 18:43:55 : [xxx] OnStartNavigation

2019/4/18 18:43:56 : [xxx] OnNavigationCompleted

2019/4/18 18:43:57 : [xxx] OnNavigationCompleted

2019/4/18 18:44:07 : [xxx] OnClose

2019/4/18 18:44:07 : [xxx] OnClose

4/28/2019 4:57:25 PM : [xxx] 加载模型管理器------------------

5/8/2019 3:17:24 PM : [xxx] 加载模型管理器------------------

